SF:src\Gini.jl
DA:15,0
DA:18,0
DA:19,0
DA:22,0
DA:23,0
DA:27,0
DA:29,0
DA:36,0
DA:37,0
DA:40,0
DA:41,0
DA:44,0
DA:45,0
DA:48,0
DA:51,0
DA:54,0
DA:55,0
DA:57,0
DA:69,0
DA:70,0
DA:73,0
DA:74,0
DA:75,0
DA:76,0
DA:77,0
DA:80,0
DA:81,0
DA:82,0
DA:83,0
DA:84,0
DA:87,0
DA:88,0
DA:89,0
DA:90,0
DA:91,0
DA:94,0
DA:95,0
DA:96,0
DA:97,0
DA:98,0
DA:101,0
DA:102,0
DA:103,0
DA:104,0
DA:105,0
DA:108,0
DA:109,0
DA:110,0
DA:111,0
DA:112,0
DA:114,0
LH:0
LF:51
end_of_record
SF:src\OneTwoTree.jl
DA:1,1
LH:1
LF:1
end_of_record
SF:src\Tree.jl
DA:15,3
DA:22,6
DA:23,3
DA:47,0
DA:48,0
DA:59,0
DA:60,0
DA:78,0
DA:80,0
DA:95,0
DA:100,0
DA:109,8
DA:111,8
DA:112,4
DA:116,4
DA:117,2
DA:119,2
DA:129,8
DA:130,8
LH:11
LF:19
end_of_record
